2025-06-16 14:24:39,590 - __main__ - INFO - Starting API server...
2025-06-16 14:24:39,603 - werkzeug - INFO -  * Restarting with stat
2025-06-16 14:24:40,556 - __main__ - INFO - Starting API server...
2025-06-16 14:24:40,566 - werkzeug - WARNING -  * Debugger is active!
2025-06-16 14:24:40,569 - werkzeug - INFO -  * Debugger PIN: 716-220-283
2025-06-16 14:24:40,721 - werkzeug - WARNING -  * Running on all addresses.
   WARNING: This is a development server. Do not use it in a production deployment.
2025-06-16 14:24:40,721 - werkzeug - INFO -  * Running on http://192.168.31.45:5000/ (Press CTRL+C to quit)
2025-06-16 14:25:27,775 - werkzeug - INFO - 127.0.0.1 - - [16/Jun/2025 14:25:27] "GET /api/docs/ HTTP/1.1" 200 -
2025-06-16 14:25:27,927 - werkzeug - INFO - 127.0.0.1 - - [16/Jun/2025 14:25:27] "[36mGET /api/docs/swagger-ui.css HTTP/1.1[0m" 304 -
2025-06-16 14:25:28,016 - werkzeug - INFO - 127.0.0.1 - - [16/Jun/2025 14:25:28] "[36mGET /api/docs/swagger-ui-bundle.js HTTP/1.1[0m" 304 -
2025-06-16 14:25:28,138 - werkzeug - INFO - 127.0.0.1 - - [16/Jun/2025 14:25:28] "[36mGET /api/docs/swagger-ui-standalone-preset.js HTTP/1.1[0m" 304 -
2025-06-16 14:25:28,509 - werkzeug - INFO - 127.0.0.1 - - [16/Jun/2025 14:25:28] "GET /static/swagger.json HTTP/1.1" 200 -
2025-06-16 14:32:13,129 - werkzeug - INFO -  * Detected change in 'C:\\Users\\Admin\\Downloads\\clone\\LLP_incorporation\\api_main.py', reloading
2025-06-16 14:32:13,212 - werkzeug - INFO -  * Restarting with stat
2025-06-16 14:32:14,210 - __main__ - INFO - Starting API server...
2025-06-16 14:32:14,221 - werkzeug - WARNING -  * Debugger is active!
2025-06-16 14:32:14,224 - werkzeug - INFO -  * Debugger PIN: 716-220-283
2025-06-16 14:32:14,445 - werkzeug - WARNING -  * Running on all addresses.
   WARNING: This is a development server. Do not use it in a production deployment.
2025-06-16 14:32:14,446 - werkzeug - INFO -  * Running on http://192.168.31.45:5000/ (Press CTRL+C to quit)
2025-06-16 14:32:16,944 - werkzeug - INFO - 127.0.0.1 - - [16/Jun/2025 14:32:16] "GET /api/docs/ HTTP/1.1" 200 -
2025-06-16 14:32:17,043 - werkzeug - INFO - 127.0.0.1 - - [16/Jun/2025 14:32:17] "[36mGET /api/docs/swagger-ui.css HTTP/1.1[0m" 304 -
2025-06-16 14:32:17,224 - werkzeug - INFO - 127.0.0.1 - - [16/Jun/2025 14:32:17] "[36mGET /api/docs/swagger-ui-bundle.js HTTP/1.1[0m" 304 -
2025-06-16 14:32:17,289 - werkzeug - INFO - 127.0.0.1 - - [16/Jun/2025 14:32:17] "[36mGET /api/docs/swagger-ui-standalone-preset.js HTTP/1.1[0m" 304 -
2025-06-16 14:32:17,727 - werkzeug - INFO - 127.0.0.1 - - [16/Jun/2025 14:32:17] "[36mGET /api/docs/favicon-32x32.png HTTP/1.1[0m" 304 -
2025-06-16 14:32:17,727 - werkzeug - INFO - 127.0.0.1 - - [16/Jun/2025 14:32:17] "GET /static/swagger.json HTTP/1.1" 200 -
2025-06-16 14:32:34,892 - werkzeug - INFO -  * Detected change in 'C:\\Users\\Admin\\Downloads\\clone\\LLP_incorporation\\api_main.py', reloading
2025-06-16 14:32:34,971 - werkzeug - INFO -  * Restarting with stat
2025-06-16 14:32:35,842 - __main__ - INFO - Starting API server...
2025-06-16 14:32:35,851 - werkzeug - WARNING -  * Debugger is active!
2025-06-16 14:32:35,854 - werkzeug - INFO -  * Debugger PIN: 716-220-283
2025-06-16 14:32:36,033 - werkzeug - WARNING -  * Running on all addresses.
   WARNING: This is a development server. Do not use it in a production deployment.
2025-06-16 14:32:36,034 - werkzeug - INFO -  * Running on http://192.168.31.45:5000/ (Press CTRL+C to quit)
2025-06-16 14:33:00,838 - werkzeug - INFO -  * Detected change in 'C:\\Users\\Admin\\Downloads\\clone\\LLP_incorporation\\api_main.py', reloading
2025-06-16 14:33:00,899 - werkzeug - INFO -  * Restarting with stat
2025-06-16 14:41:51,241 - __main__ - INFO - Starting API server...
2025-06-16 14:41:51,254 - werkzeug - INFO -  * Restarting with stat
2025-06-16 14:41:52,081 - __main__ - INFO - Starting API server...
2025-06-16 14:41:52,089 - werkzeug - WARNING -  * Debugger is active!
2025-06-16 14:41:52,091 - werkzeug - INFO -  * Debugger PIN: 716-220-283
2025-06-16 14:41:52,218 - werkzeug - WARNING -  * Running on all addresses.
   WARNING: This is a development server. Do not use it in a production deployment.
2025-06-16 14:41:52,219 - werkzeug - INFO -  * Running on http://192.168.31.45:5000/ (Press CTRL+C to quit)
2025-06-16 14:43:59,319 - werkzeug - INFO - 127.0.0.1 - - [16/Jun/2025 14:43:59] "GET /api/docs/ HTTP/1.1" 200 -
2025-06-16 14:43:59,425 - werkzeug - INFO - 127.0.0.1 - - [16/Jun/2025 14:43:59] "[36mGET /api/docs/swagger-ui.css HTTP/1.1[0m" 304 -
2025-06-16 14:43:59,567 - werkzeug - INFO - 127.0.0.1 - - [16/Jun/2025 14:43:59] "[36mGET /api/docs/swagger-ui-bundle.js HTTP/1.1[0m" 304 -
2025-06-16 14:43:59,662 - werkzeug - INFO - 127.0.0.1 - - [16/Jun/2025 14:43:59] "[36mGET /api/docs/swagger-ui-standalone-preset.js HTTP/1.1[0m" 304 -
2025-06-16 14:44:00,049 - werkzeug - INFO - 127.0.0.1 - - [16/Jun/2025 14:44:00] "GET /static/swagger.json HTTP/1.1" 200 -
2025-06-16 14:44:00,066 - werkzeug - INFO - 127.0.0.1 - - [16/Jun/2025 14:44:00] "[36mGET /api/docs/favicon-32x32.png HTTP/1.1[0m" 304 -
2025-06-16 16:25:12,062 - __main__ - INFO - Starting automation task 1750071312
2025-06-16 16:25:12,066 - werkzeug - INFO - 127.0.0.1 - - [16/Jun/2025 16:25:12] "POST /api/automate HTTP/1.1" 200 -
2025-06-16 16:25:12,067 - automation_worker - INFO - Using existing profile at: C:\Users\Admin\AppData\Roaming\Mozilla\Firefox\Profiles\coyayv9e.default
2025-06-16 16:25:16,499 - WDM - INFO - 

2025-06-16 16:25:16,500 - WDM - INFO - ====== WebDriver manager ======
2025-06-16 16:25:17,141 - WDM - INFO - Current firefox version is 139.0
2025-06-16 16:25:17,142 - WDM - INFO - Get LATEST geckodriver version for 139.0 firefox
2025-06-16 16:25:17,347 - WDM - INFO - Driver [C:\Users\Admin\.wdm\drivers\geckodriver\win64\v0.36.0\geckodriver.exe] found in cache
2025-06-16 16:26:03,356 - automation_worker - INFO - Browser initialized successfully
2025-06-16 16:26:03,357 - automation_worker - INFO - Configuration loaded successfully
2025-06-16 16:26:03,361 - automation_worker - INFO - Configuration saved to config_data.json
2025-06-16 16:26:03,361 - automation_worker - INFO - Navigating to URL: https://www.mca.gov.in/content/mca/global/en/mca/llp-e-filling/Fillip.html
2025-06-16 16:26:10,956 - automation_worker - INFO - Page loaded, starting automation sequence
2025-06-16 16:26:48,304 - automation_worker - ERROR - Automation failed during form sequence execution
2025-06-16 16:26:48,305 - automation_worker - INFO - Quitting browser...
2025-06-16 16:26:49,128 - automation_worker - INFO - Browser quit successfully
2025-06-16 16:27:04,349 - __main__ - INFO - Starting API server...
2025-06-16 16:27:04,364 - werkzeug - INFO -  * Restarting with stat
2025-06-16 16:27:05,466 - __main__ - INFO - Starting API server...
2025-06-16 16:27:05,477 - werkzeug - WARNING -  * Debugger is active!
2025-06-16 16:27:05,479 - werkzeug - INFO -  * Debugger PIN: 716-220-283
2025-06-16 16:27:05,632 - werkzeug - WARNING -  * Running on all addresses.
   WARNING: This is a development server. Do not use it in a production deployment.
2025-06-16 16:27:05,633 - werkzeug - INFO -  * Running on http://192.168.31.45:5000/ (Press CTRL+C to quit)
2025-06-16 16:27:06,036 - werkzeug - INFO - 127.0.0.1 - - [16/Jun/2025 16:27:06] "GET /api/docs/ HTTP/1.1" 200 -
2025-06-16 16:27:06,131 - werkzeug - INFO - 127.0.0.1 - - [16/Jun/2025 16:27:06] "[36mGET /api/docs/swagger-ui.css HTTP/1.1[0m" 304 -
2025-06-16 16:27:06,291 - werkzeug - INFO - 127.0.0.1 - - [16/Jun/2025 16:27:06] "[36mGET /api/docs/swagger-ui-bundle.js HTTP/1.1[0m" 304 -
2025-06-16 16:27:06,370 - werkzeug - INFO - 127.0.0.1 - - [16/Jun/2025 16:27:06] "[36mGET /api/docs/swagger-ui-standalone-preset.js HTTP/1.1[0m" 304 -
2025-06-16 16:27:06,824 - werkzeug - INFO - 127.0.0.1 - - [16/Jun/2025 16:27:06] "GET /static/swagger.json HTTP/1.1" 200 -
2025-06-16 16:27:06,841 - werkzeug - INFO - 127.0.0.1 - - [16/Jun/2025 16:27:06] "[36mGET /api/docs/favicon-32x32.png HTTP/1.1[0m" 304 -
2025-06-16 16:27:22,659 - __main__ - INFO - Starting automation task 1750071442
2025-06-16 16:27:22,660 - automation_worker - INFO - Using existing profile at: C:\Users\Admin\AppData\Roaming\Mozilla\Firefox\Profiles\coyayv9e.default
2025-06-16 16:27:22,660 - werkzeug - INFO - 127.0.0.1 - - [16/Jun/2025 16:27:22] "POST /api/automate HTTP/1.1" 200 -
2025-06-16 16:27:24,559 - WDM - INFO - 

2025-06-16 16:27:24,560 - WDM - INFO - ====== WebDriver manager ======
2025-06-16 16:27:24,830 - WDM - INFO - Current firefox version is 139.0
2025-06-16 16:27:24,831 - WDM - INFO - Get LATEST geckodriver version for 139.0 firefox
2025-06-16 16:27:25,020 - WDM - INFO - Driver [C:\Users\Admin\.wdm\drivers\geckodriver\win64\v0.36.0\geckodriver.exe] found in cache
2025-06-16 16:27:50,812 - automation_worker - INFO - Browser initialized successfully
2025-06-16 16:27:50,813 - automation_worker - INFO - Configuration loaded successfully
2025-06-16 16:27:50,817 - automation_worker - INFO - Configuration saved to config_data.json
2025-06-16 16:27:50,818 - automation_worker - INFO - Navigating to URL: https://www.mca.gov.in/content/mca/global/en/mca/llp-e-filling/Fillip.html
2025-06-16 16:27:58,153 - automation_worker - INFO - Page loaded, starting automation sequence
2025-06-16 16:28:38,550 - automation_worker - ERROR - Automation failed during form sequence execution
2025-06-16 16:28:38,551 - automation_worker - INFO - Quitting browser...
2025-06-16 16:28:40,435 - automation_worker - INFO - Browser quit successfully
2025-06-16 16:32:03,031 - werkzeug - INFO -  * Detected change in 'C:\\Users\\Admin\\Downloads\\clone\\LLP_incorporation\\automate1.py', reloading
2025-06-16 16:32:03,272 - werkzeug - INFO -  * Restarting with stat
2025-06-16 16:32:05,041 - __main__ - INFO - Starting API server...
2025-06-16 16:32:05,052 - werkzeug - WARNING -  * Debugger is active!
2025-06-16 16:32:05,058 - werkzeug - INFO -  * Debugger PIN: 716-220-283
2025-06-16 16:32:05,221 - werkzeug - WARNING -  * Running on all addresses.
   WARNING: This is a development server. Do not use it in a production deployment.
2025-06-16 16:32:05,223 - werkzeug - INFO -  * Running on http://192.168.31.45:5000/ (Press CTRL+C to quit)
2025-06-16 16:32:07,798 - werkzeug - INFO -  * Detected change in 'C:\\Users\\Admin\\Downloads\\clone\\LLP_incorporation\\automate1.py', reloading
2025-06-16 16:32:07,891 - werkzeug - INFO -  * Restarting with stat
2025-06-16 16:32:09,476 - __main__ - INFO - Starting API server...
2025-06-16 16:32:09,492 - werkzeug - WARNING -  * Debugger is active!
2025-06-16 16:32:09,495 - werkzeug - INFO -  * Debugger PIN: 716-220-283
2025-06-16 16:32:09,720 - werkzeug - WARNING -  * Running on all addresses.
   WARNING: This is a development server. Do not use it in a production deployment.
2025-06-16 16:32:09,721 - werkzeug - INFO -  * Running on http://192.168.31.45:5000/ (Press CTRL+C to quit)
2025-06-16 16:32:39,216 - werkzeug - INFO -  * Detected change in 'C:\\Users\\Admin\\Downloads\\clone\\LLP_incorporation\\automate1.py', reloading
2025-06-16 16:32:39,338 - werkzeug - INFO -  * Restarting with stat
2025-06-16 16:32:40,285 - __main__ - INFO - Starting API server...
2025-06-16 16:32:40,295 - werkzeug - WARNING -  * Debugger is active!
2025-06-16 16:32:40,298 - werkzeug - INFO -  * Debugger PIN: 716-220-283
2025-06-16 16:32:40,433 - werkzeug - WARNING -  * Running on all addresses.
   WARNING: This is a development server. Do not use it in a production deployment.
2025-06-16 16:32:40,434 - werkzeug - INFO -  * Running on http://192.168.31.45:5000/ (Press CTRL+C to quit)
2025-06-16 16:45:48,242 - __main__ - INFO - Starting API server...
2025-06-16 16:45:48,285 - werkzeug - INFO -  * Restarting with stat
2025-06-16 16:45:50,399 - __main__ - INFO - Starting API server...
2025-06-16 16:45:50,433 - werkzeug - WARNING -  * Debugger is active!
2025-06-16 16:45:50,442 - werkzeug - INFO -  * Debugger PIN: 716-220-283
2025-06-16 16:45:50,786 - werkzeug - WARNING -  * Running on all addresses.
   WARNING: This is a development server. Do not use it in a production deployment.
2025-06-16 16:45:50,787 - werkzeug - INFO -  * Running on http://192.168.31.45:5000/ (Press CTRL+C to quit)
2025-06-16 16:46:00,203 - werkzeug - INFO - 127.0.0.1 - - [16/Jun/2025 16:46:00] "GET /api/docs/ HTTP/1.1" 200 -
2025-06-16 16:46:00,447 - werkzeug - INFO - 127.0.0.1 - - [16/Jun/2025 16:46:00] "[36mGET /api/docs/swagger-ui.css HTTP/1.1[0m" 304 -
2025-06-16 16:46:00,609 - werkzeug - INFO - 127.0.0.1 - - [16/Jun/2025 16:46:00] "[36mGET /api/docs/swagger-ui-standalone-preset.js HTTP/1.1[0m" 304 -
2025-06-16 16:46:00,632 - werkzeug - INFO - 127.0.0.1 - - [16/Jun/2025 16:46:00] "[36mGET /api/docs/swagger-ui-bundle.js HTTP/1.1[0m" 304 -
2025-06-16 16:46:01,246 - werkzeug - INFO - 127.0.0.1 - - [16/Jun/2025 16:46:01] "GET /static/swagger.json HTTP/1.1" 200 -
2025-06-16 16:46:01,349 - werkzeug - INFO - 127.0.0.1 - - [16/Jun/2025 16:46:01] "[36mGET /api/docs/favicon-32x32.png HTTP/1.1[0m" 304 -
2025-06-16 16:46:09,860 - __main__ - INFO - Starting automation task 1750072569
2025-06-16 16:46:09,862 - werkzeug - INFO - 127.0.0.1 - - [16/Jun/2025 16:46:09] "POST /api/automate HTTP/1.1" 200 -
2025-06-16 16:46:09,862 - automation_worker - INFO - Using existing profile at: C:\Users\Admin\AppData\Roaming\Mozilla\Firefox\Profiles\coyayv9e.default
2025-06-16 16:46:13,769 - WDM - INFO - 

2025-06-16 16:46:13,771 - WDM - INFO - ====== WebDriver manager ======
2025-06-16 16:46:14,209 - WDM - INFO - Current firefox version is 139.0
2025-06-16 16:46:14,210 - WDM - INFO - Get LATEST geckodriver version for 139.0 firefox
2025-06-16 16:46:14,654 - WDM - INFO - Driver [C:\Users\Admin\.wdm\drivers\geckodriver\win64\v0.36.0\geckodriver.exe] found in cache
2025-06-16 16:46:57,804 - automation_worker - INFO - Browser initialized successfully
2025-06-16 16:46:57,805 - automation_worker - INFO - Configuration loaded successfully
2025-06-16 16:46:57,811 - automation_worker - INFO - Configuration saved to config_data.json
2025-06-16 16:46:57,811 - automation_worker - INFO - Starting main workflow...
2025-06-16 16:46:57,853 - WDM - INFO - 

2025-06-16 16:46:57,854 - WDM - INFO - ====== WebDriver manager ======
2025-06-16 16:46:58,508 - WDM - INFO - Current firefox version is 139.0
2025-06-16 16:46:58,509 - WDM - INFO - Get LATEST geckodriver version for 139.0 firefox
2025-06-16 16:46:58,883 - WDM - INFO - Driver [C:\Users\Admin\.wdm\drivers\geckodriver\win64\v0.36.0\geckodriver.exe] found in cache
2025-06-16 16:47:36,791 - __main__ - INFO - Starting API server...
2025-06-16 16:47:36,843 - werkzeug - INFO -  * Restarting with stat
2025-06-16 16:47:38,478 - __main__ - INFO - Starting API server...
2025-06-16 16:47:38,507 - werkzeug - WARNING -  * Debugger is active!
2025-06-16 16:47:38,513 - werkzeug - INFO -  * Debugger PIN: 716-220-283
2025-06-16 16:47:38,780 - werkzeug - WARNING -  * Running on all addresses.
   WARNING: This is a development server. Do not use it in a production deployment.
2025-06-16 16:47:38,781 - werkzeug - INFO -  * Running on http://192.168.31.45:5000/ (Press CTRL+C to quit)
2025-06-16 16:48:27,363 - __main__ - INFO - Starting automation task 1750072707
2025-06-16 16:48:27,367 - werkzeug - INFO - 127.0.0.1 - - [16/Jun/2025 16:48:27] "POST /api/automate HTTP/1.1" 200 -
2025-06-16 16:48:27,367 - automation_worker - INFO - Using existing profile at: C:\Users\Admin\AppData\Roaming\Mozilla\Firefox\Profiles\coyayv9e.default
2025-06-16 16:48:32,070 - WDM - INFO - 

2025-06-16 16:48:32,071 - WDM - INFO - ====== WebDriver manager ======
2025-06-16 16:48:32,592 - WDM - INFO - Current firefox version is 139.0
2025-06-16 16:48:32,593 - WDM - INFO - Get LATEST geckodriver version for 139.0 firefox
2025-06-16 16:48:33,003 - WDM - INFO - Driver [C:\Users\Admin\.wdm\drivers\geckodriver\win64\v0.36.0\geckodriver.exe] found in cache
2025-06-16 16:49:16,174 - automation_worker - INFO - Browser initialized successfully
2025-06-16 16:49:16,176 - automation_worker - INFO - Configuration loaded successfully
2025-06-16 16:49:16,182 - automation_worker - INFO - Configuration saved to config_data.json
2025-06-16 16:49:16,183 - automation_worker - INFO - Starting main workflow...
2025-06-16 16:49:16,218 - WDM - INFO - 

2025-06-16 16:49:16,222 - WDM - INFO - ====== WebDriver manager ======
2025-06-16 16:49:17,135 - WDM - INFO - Current firefox version is 139.0
2025-06-16 16:49:17,138 - WDM - INFO - Get LATEST geckodriver version for 139.0 firefox
2025-06-16 16:49:17,540 - WDM - INFO - Driver [C:\Users\Admin\.wdm\drivers\geckodriver\win64\v0.36.0\geckodriver.exe] found in cache
2025-06-16 16:52:24,711 - __main__ - INFO - Starting API server...
2025-06-16 16:52:24,753 - werkzeug - INFO -  * Restarting with stat
2025-06-16 16:52:26,323 - __main__ - INFO - Starting API server...
2025-06-16 16:52:26,366 - werkzeug - WARNING -  * Debugger is active!
2025-06-16 16:52:26,373 - werkzeug - INFO -  * Debugger PIN: 716-220-283
2025-06-16 16:52:26,798 - werkzeug - WARNING -  * Running on all addresses.
   WARNING: This is a development server. Do not use it in a production deployment.
2025-06-16 16:52:26,799 - werkzeug - INFO -  * Running on http://192.168.31.45:5000/ (Press CTRL+C to quit)
2025-06-16 16:53:47,488 - __main__ - INFO - Starting API server...
2025-06-16 16:53:47,521 - werkzeug - INFO -  * Restarting with stat
2025-06-16 16:53:48,884 - __main__ - INFO - Starting API server...
2025-06-16 16:53:48,916 - werkzeug - WARNING -  * Debugger is active!
2025-06-16 16:53:48,921 - werkzeug - INFO -  * Debugger PIN: 716-220-283
2025-06-16 16:53:49,149 - werkzeug - WARNING -  * Running on all addresses.
   WARNING: This is a development server. Do not use it in a production deployment.
2025-06-16 16:53:49,150 - werkzeug - INFO -  * Running on http://192.168.31.45:5000/ (Press CTRL+C to quit)
2025-06-16 16:54:45,480 - __main__ - INFO - Starting automation task 1750073085
2025-06-16 16:54:45,482 - werkzeug - INFO - 127.0.0.1 - - [16/Jun/2025 16:54:45] "POST /api/automate HTTP/1.1" 200 -
2025-06-16 16:54:45,483 - automation_worker - INFO - Using existing profile at: C:\Users\Admin\AppData\Roaming\Mozilla\Firefox\Profiles\coyayv9e.default
2025-06-16 16:54:49,535 - WDM - INFO - 

2025-06-16 16:54:49,537 - WDM - INFO - ====== WebDriver manager ======
2025-06-16 16:54:50,055 - WDM - INFO - Current firefox version is 139.0
2025-06-16 16:54:50,056 - WDM - INFO - Get LATEST geckodriver version for 139.0 firefox
2025-06-16 16:54:50,427 - WDM - INFO - Driver [C:\Users\Admin\.wdm\drivers\geckodriver\win64\v0.36.0\geckodriver.exe] found in cache
2025-06-16 16:55:34,473 - automation_worker - INFO - Browser initialized successfully
2025-06-16 16:55:34,478 - automation_worker - INFO - Configuration loaded successfully
2025-06-16 16:55:34,486 - automation_worker - INFO - Configuration saved to config_data.json
2025-06-16 16:55:34,487 - automation_worker - INFO - Starting main workflow...
2025-06-16 16:55:34,530 - WDM - INFO - 

2025-06-16 16:55:34,531 - WDM - INFO - ====== WebDriver manager ======
2025-06-16 16:55:35,505 - WDM - INFO - Current firefox version is 139.0
2025-06-16 16:55:35,506 - WDM - INFO - Get LATEST geckodriver version for 139.0 firefox
2025-06-16 16:55:35,864 - WDM - INFO - Driver [C:\Users\Admin\.wdm\drivers\geckodriver\win64\v0.36.0\geckodriver.exe] found in cache
2025-06-16 17:01:08,697 - __main__ - INFO - Starting API server...
2025-06-16 17:01:08,739 - werkzeug - INFO -  * Restarting with stat
2025-06-16 17:01:10,722 - __main__ - INFO - Starting API server...
2025-06-16 17:01:10,760 - werkzeug - WARNING -  * Debugger is active!
2025-06-16 17:01:10,770 - werkzeug - INFO -  * Debugger PIN: 716-220-283
2025-06-16 17:01:11,061 - werkzeug - WARNING -  * Running on all addresses.
   WARNING: This is a development server. Do not use it in a production deployment.
2025-06-16 17:01:11,062 - werkzeug - INFO -  * Running on http://192.168.31.45:5000/ (Press CTRL+C to quit)
2025-06-16 17:01:14,482 - __main__ - INFO - Starting automation task 1750073474
2025-06-16 17:01:14,486 - werkzeug - INFO - 127.0.0.1 - - [16/Jun/2025 17:01:14] "POST /api/automate HTTP/1.1" 200 -
2025-06-16 17:01:14,487 - automation_worker - INFO - Using existing profile at: C:\Users\Admin\AppData\Roaming\Mozilla\Firefox\Profiles\coyayv9e.default
2025-06-16 17:01:18,992 - WDM - INFO - 

2025-06-16 17:01:18,993 - WDM - INFO - ====== WebDriver manager ======
2025-06-16 17:01:19,630 - WDM - INFO - Current firefox version is 139.0
2025-06-16 17:01:19,631 - WDM - INFO - Get LATEST geckodriver version for 139.0 firefox
2025-06-16 17:01:21,106 - WDM - INFO - Driver [C:\Users\Admin\.wdm\drivers\geckodriver\win64\v0.36.0\geckodriver.exe] found in cache
2025-06-16 17:02:01,241 - automation_worker - INFO - Browser initialized successfully
2025-06-16 17:02:01,242 - automation_worker - INFO - Configuration loaded successfully
2025-06-16 17:02:01,245 - automation_worker - INFO - Configuration saved to config_data.json
2025-06-16 17:02:01,246 - automation_worker - INFO - Starting main workflow...
2025-06-16 17:02:01,267 - WDM - INFO - 

2025-06-16 17:02:01,269 - WDM - INFO - ====== WebDriver manager ======
2025-06-16 17:02:01,654 - WDM - INFO - Current firefox version is 139.0
2025-06-16 17:02:01,655 - WDM - INFO - Get LATEST geckodriver version for 139.0 firefox
2025-06-16 17:02:01,996 - WDM - INFO - Driver [C:\Users\Admin\.wdm\drivers\geckodriver\win64\v0.36.0\geckodriver.exe] found in cache
2025-06-16 17:03:07,984 - werkzeug - INFO -  * Detected change in 'C:\\Users\\Admin\\Downloads\\clone\\LLP_incorporation\\automation_worker.py', reloading
2025-06-16 17:03:08,077 - werkzeug - INFO -  * Restarting with stat
2025-06-16 17:03:09,086 - __main__ - INFO - Starting API server...
2025-06-16 17:03:09,098 - werkzeug - WARNING -  * Debugger is active!
2025-06-16 17:03:09,101 - werkzeug - INFO -  * Debugger PIN: 716-220-283
2025-06-16 17:03:09,221 - werkzeug - WARNING -  * Running on all addresses.
   WARNING: This is a development server. Do not use it in a production deployment.
2025-06-16 17:03:09,221 - werkzeug - INFO -  * Running on http://192.168.31.45:5000/ (Press CTRL+C to quit)
2025-06-16 17:03:46,395 - werkzeug - INFO -  * Detected change in 'C:\\Users\\Admin\\Downloads\\clone\\LLP_incorporation\\automation_worker.py', reloading
2025-06-16 17:03:46,459 - werkzeug - INFO -  * Restarting with stat
2025-06-16 17:03:47,358 - __main__ - INFO - Starting API server...
2025-06-16 17:03:47,368 - werkzeug - WARNING -  * Debugger is active!
2025-06-16 17:03:47,371 - werkzeug - INFO -  * Debugger PIN: 716-220-283
2025-06-16 17:03:47,511 - werkzeug - WARNING -  * Running on all addresses.
   WARNING: This is a development server. Do not use it in a production deployment.
2025-06-16 17:03:47,512 - werkzeug - INFO -  * Running on http://192.168.31.45:5000/ (Press CTRL+C to quit)
2025-06-16 17:04:14,569 - __main__ - INFO - Starting API server...
2025-06-16 17:04:14,593 - werkzeug - INFO -  * Restarting with stat
2025-06-16 17:04:15,502 - __main__ - INFO - Starting API server...
2025-06-16 17:04:15,511 - werkzeug - WARNING -  * Debugger is active!
2025-06-16 17:04:15,514 - werkzeug - INFO -  * Debugger PIN: 716-220-283
2025-06-16 17:04:15,675 - werkzeug - WARNING -  * Running on all addresses.
   WARNING: This is a development server. Do not use it in a production deployment.
2025-06-16 17:04:15,676 - werkzeug - INFO -  * Running on http://192.168.31.45:5000/ (Press CTRL+C to quit)
2025-06-16 17:05:29,765 - __main__ - INFO - Starting automation task 1750073729
2025-06-16 17:05:29,769 - werkzeug - INFO - 127.0.0.1 - - [16/Jun/2025 17:05:29] "POST /api/automate HTTP/1.1" 200 -
2025-06-16 17:05:29,770 - automation_worker - INFO - Using existing profile at: C:\Users\Admin\AppData\Roaming\Mozilla\Firefox\Profiles\coyayv9e.default
2025-06-16 17:05:32,685 - WDM - INFO - 

2025-06-16 17:05:32,685 - WDM - INFO - ====== WebDriver manager ======
2025-06-16 17:05:32,983 - WDM - INFO - Current firefox version is 139.0
2025-06-16 17:05:32,984 - WDM - INFO - Get LATEST geckodriver version for 139.0 firefox
2025-06-16 17:05:33,439 - WDM - INFO - Driver [C:\Users\Admin\.wdm\drivers\geckodriver\win64\v0.36.0\geckodriver.exe] found in cache
2025-06-16 17:05:57,636 - automation_worker - INFO - Browser initialized successfully
2025-06-16 17:05:57,646 - automation_worker - INFO - Configuration loaded successfully
2025-06-16 17:05:57,653 - automation_worker - INFO - Configuration saved to config_data.json
2025-06-16 17:05:57,658 - automation_worker - INFO - Starting main workflow...
2025-06-16 17:09:21,740 - __main__ - INFO - Starting API server...
2025-06-16 17:09:21,760 - werkzeug - INFO -  * Restarting with stat
2025-06-16 17:09:22,627 - __main__ - INFO - Starting API server...
2025-06-16 17:09:22,643 - werkzeug - WARNING -  * Debugger is active!
2025-06-16 17:09:22,647 - werkzeug - INFO -  * Debugger PIN: 716-220-283
2025-06-16 17:09:22,795 - werkzeug - WARNING -  * Running on all addresses.
   WARNING: This is a development server. Do not use it in a production deployment.
2025-06-16 17:09:22,796 - werkzeug - INFO -  * Running on http://192.168.31.45:5000/ (Press CTRL+C to quit)
2025-06-16 17:09:26,119 - __main__ - INFO - Starting automation task 1750073966
2025-06-16 17:09:26,123 - werkzeug - INFO - 127.0.0.1 - - [16/Jun/2025 17:09:26] "POST /api/automate HTTP/1.1" 200 -
2025-06-16 17:09:26,124 - automation_worker - INFO - Using existing profile at: C:\Users\Admin\AppData\Roaming\Mozilla\Firefox\Profiles\coyayv9e.default
2025-06-16 17:09:28,490 - WDM - INFO - 

2025-06-16 17:09:28,491 - WDM - INFO - ====== WebDriver manager ======
2025-06-16 17:09:28,802 - WDM - INFO - Current firefox version is 139.0
2025-06-16 17:09:28,804 - WDM - INFO - Get LATEST geckodriver version for 139.0 firefox
2025-06-16 17:09:29,202 - WDM - INFO - Driver [C:\Users\Admin\.wdm\drivers\geckodriver\win64\v0.36.0\geckodriver.exe] found in cache
2025-06-16 17:09:53,882 - automation_worker - INFO - Browser initialized successfully
2025-06-16 17:09:53,883 - automation_worker - INFO - Configuration loaded successfully
2025-06-16 17:09:53,887 - automation_worker - INFO - Configuration saved to config_data.json
2025-06-16 17:09:53,887 - automation_worker - INFO - Starting main workflow...
2025-06-16 17:13:24,842 - __main__ - INFO - Starting API server...
2025-06-16 17:13:24,862 - werkzeug - INFO -  * Restarting with stat
2025-06-16 17:13:25,859 - __main__ - INFO - Starting API server...
2025-06-16 17:13:25,868 - werkzeug - WARNING -  * Debugger is active!
2025-06-16 17:13:25,870 - werkzeug - INFO -  * Debugger PIN: 716-220-283
2025-06-16 17:13:26,032 - werkzeug - WARNING -  * Running on all addresses.
   WARNING: This is a development server. Do not use it in a production deployment.
2025-06-16 17:13:26,033 - werkzeug - INFO -  * Running on http://192.168.31.45:5000/ (Press CTRL+C to quit)
2025-06-16 17:13:28,178 - __main__ - INFO - Starting automation task 1750074208
2025-06-16 17:13:28,179 - werkzeug - INFO - 127.0.0.1 - - [16/Jun/2025 17:13:28] "POST /api/automate HTTP/1.1" 200 -
2025-06-16 17:13:28,179 - automation_worker - INFO - Using existing profile at: C:\Users\Admin\AppData\Roaming\Mozilla\Firefox\Profiles\coyayv9e.default
2025-06-16 17:13:30,888 - WDM - INFO - 

2025-06-16 17:13:30,889 - WDM - INFO - ====== WebDriver manager ======
2025-06-16 17:13:31,136 - __main__ - INFO - Starting automation task 1750074211
2025-06-16 17:13:31,137 - werkzeug - INFO - 127.0.0.1 - - [16/Jun/2025 17:13:31] "POST /api/automate HTTP/1.1" 200 -
2025-06-16 17:13:31,138 - automation_worker - INFO - Using existing profile at: C:\Users\Admin\AppData\Roaming\Mozilla\Firefox\Profiles\coyayv9e.default
2025-06-16 17:13:31,235 - WDM - INFO - Current firefox version is 139.0
2025-06-16 17:13:31,236 - WDM - INFO - Get LATEST geckodriver version for 139.0 firefox
2025-06-16 17:13:33,551 - WDM - INFO - 

2025-06-16 17:13:33,551 - WDM - INFO - ====== WebDriver manager ======
2025-06-16 17:13:33,827 - WDM - INFO - Current firefox version is 139.0
2025-06-16 17:13:33,827 - WDM - INFO - Get LATEST geckodriver version for 139.0 firefox
2025-06-16 17:13:36,611 - WDM - INFO - Driver [C:\Users\Admin\.wdm\drivers\geckodriver\win64\v0.36.0\geckodriver.exe] found in cache
2025-06-16 17:13:36,612 - WDM - INFO - Driver [C:\Users\Admin\.wdm\drivers\geckodriver\win64\v0.36.0\geckodriver.exe] found in cache
2025-06-16 17:14:07,665 - automation_worker - INFO - Browser initialized successfully
2025-06-16 17:14:07,666 - automation_worker - INFO - Configuration loaded successfully
2025-06-16 17:14:07,670 - automation_worker - INFO - Configuration saved to config_data.json
2025-06-16 17:14:07,671 - automation_worker - INFO - Starting main workflow...
2025-06-16 17:14:08,981 - automation_worker - INFO - Browser initialized successfully
2025-06-16 17:14:08,982 - automation_worker - INFO - Configuration loaded successfully
2025-06-16 17:14:08,989 - automation_worker - INFO - Configuration saved to config_data.json
2025-06-16 17:14:08,989 - automation_worker - INFO - Starting main workflow...
2025-06-16 17:14:28,583 - urllib3.connectionpool - WARNING - Connection pool is full, discarding connection: localhost. Connection pool size: 1
2025-06-16 17:14:32,616 - urllib3.connectionpool - WARNING - Connection pool is full, discarding connection: localhost. Connection pool size: 1
2025-06-16 17:14:34,909 - urllib3.connectionpool - WARNING - Connection pool is full, discarding connection: localhost. Connection pool size: 1
2025-06-16 17:14:37,725 - urllib3.connectionpool - WARNING - Connection pool is full, discarding connection: localhost. Connection pool size: 1
2025-06-16 17:14:45,414 - urllib3.connectionpool - WARNING - Connection pool is full, discarding connection: localhost. Connection pool size: 1
2025-06-16 17:14:47,451 - urllib3.connectionpool - WARNING - Connection pool is full, discarding connection: localhost. Connection pool size: 1
2025-06-16 17:14:55,640 - urllib3.connectionpool - WARNING - Connection pool is full, discarding connection: localhost. Connection pool size: 1
2025-06-16 17:14:57,688 - urllib3.connectionpool - WARNING - Connection pool is full, discarding connection: localhost. Connection pool size: 1
2025-06-16 17:15:06,894 - urllib3.connectionpool - WARNING - Connection pool is full, discarding connection: localhost. Connection pool size: 1
2025-06-16 17:15:20,226 - urllib3.connectionpool - WARNING - Connection pool is full, discarding connection: localhost. Connection pool size: 1
2025-06-16 17:15:23,253 - urllib3.connectionpool - WARNING - Connection pool is full, discarding connection: localhost. Connection pool size: 1
2025-06-16 17:15:28,807 - urllib3.connectionpool - WARNING - Connection pool is full, discarding connection: localhost. Connection pool size: 1
2025-06-16 17:15:31,333 - urllib3.connectionpool - WARNING - Connection pool is full, discarding connection: localhost. Connection pool size: 1
2025-06-16 17:15:35,923 - urllib3.connectionpool - WARNING - Connection pool is full, discarding connection: localhost. Connection pool size: 1
2025-06-16 17:15:40,704 - automation_worker - ERROR - Automation failed during form sequence execution
2025-06-16 17:15:40,704 - automation_worker - INFO - Quitting browser...
2025-06-16 17:15:41,715 - automation_worker - INFO - Browser quit successfully
2025-06-16 17:15:48,650 - __main__ - INFO - Starting API server...
2025-06-16 17:15:48,671 - werkzeug - INFO -  * Restarting with stat
2025-06-16 17:15:49,598 - __main__ - INFO - Starting API server...
2025-06-16 17:15:49,608 - werkzeug - WARNING -  * Debugger is active!
2025-06-16 17:15:49,613 - werkzeug - INFO -  * Debugger PIN: 716-220-283
2025-06-16 17:15:49,823 - werkzeug - WARNING -  * Running on all addresses.
   WARNING: This is a development server. Do not use it in a production deployment.
2025-06-16 17:15:49,824 - werkzeug - INFO -  * Running on http://192.168.31.45:5000/ (Press CTRL+C to quit)
2025-06-16 17:15:54,000 - __main__ - INFO - Starting automation task 1750074353
2025-06-16 17:15:54,001 - werkzeug - INFO - 127.0.0.1 - - [16/Jun/2025 17:15:54] "POST /api/automate HTTP/1.1" 200 -
2025-06-16 17:15:54,001 - automation_worker - INFO - Using existing profile at: C:\Users\Admin\AppData\Roaming\Mozilla\Firefox\Profiles\coyayv9e.default
2025-06-16 17:15:56,272 - WDM - INFO - 

2025-06-16 17:15:56,273 - WDM - INFO - ====== WebDriver manager ======
2025-06-16 17:15:56,578 - WDM - INFO - Current firefox version is 139.0
2025-06-16 17:15:56,579 - WDM - INFO - Get LATEST geckodriver version for 139.0 firefox
2025-06-16 17:15:56,930 - WDM - INFO - Driver [C:\Users\Admin\.wdm\drivers\geckodriver\win64\v0.36.0\geckodriver.exe] found in cache
2025-06-16 17:16:22,092 - automation_worker - INFO - Browser initialized successfully
2025-06-16 17:16:22,098 - automation_worker - INFO - Configuration loaded successfully
2025-06-16 17:16:22,102 - automation_worker - INFO - Configuration saved to config_data.json
2025-06-16 17:16:22,103 - automation_worker - INFO - Starting main workflow...
2025-06-16 17:19:03,322 - automation_worker - ERROR - Automation failed during form sequence execution
2025-06-16 17:19:03,323 - automation_worker - INFO - Quitting browser...
2025-06-16 17:19:05,603 - automation_worker - INFO - Browser quit successfully
2025-06-16 17:19:27,666 - __main__ - INFO - Starting API server...
2025-06-16 17:19:27,689 - werkzeug - INFO -  * Restarting with stat
2025-06-16 17:19:28,565 - __main__ - INFO - Starting API server...
2025-06-16 17:19:28,577 - werkzeug - WARNING -  * Debugger is active!
2025-06-16 17:19:28,579 - werkzeug - INFO -  * Debugger PIN: 716-220-283
2025-06-16 17:19:28,719 - werkzeug - WARNING -  * Running on all addresses.
   WARNING: This is a development server. Do not use it in a production deployment.
2025-06-16 17:19:28,719 - werkzeug - INFO -  * Running on http://192.168.31.45:5000/ (Press CTRL+C to quit)
2025-06-16 17:19:34,971 - __main__ - INFO - Starting automation task 1750074574
2025-06-16 17:19:34,973 - werkzeug - INFO - 127.0.0.1 - - [16/Jun/2025 17:19:34] "POST /api/automate HTTP/1.1" 200 -
2025-06-16 17:19:34,973 - automation_worker - INFO - Using existing profile at: C:\Users\Admin\AppData\Roaming\Mozilla\Firefox\Profiles\coyayv9e.default
2025-06-16 17:19:37,709 - WDM - INFO - 

2025-06-16 17:19:37,711 - WDM - INFO - ====== WebDriver manager ======
2025-06-16 17:19:38,025 - WDM - INFO - Current firefox version is 139.0
2025-06-16 17:19:38,026 - WDM - INFO - Get LATEST geckodriver version for 139.0 firefox
2025-06-16 17:19:38,439 - WDM - INFO - Driver [C:\Users\Admin\.wdm\drivers\geckodriver\win64\v0.36.0\geckodriver.exe] found in cache
2025-06-16 17:20:03,436 - automation_worker - INFO - Browser initialized successfully
2025-06-16 17:20:03,438 - automation_worker - INFO - Configuration loaded successfully
2025-06-16 17:20:03,441 - automation_worker - INFO - Configuration saved to config_data.json
2025-06-16 17:20:03,442 - automation_worker - INFO - Starting main workflow...
2025-06-16 17:22:44,331 - automation_worker - ERROR - Automation failed during form sequence execution
2025-06-16 17:22:44,333 - automation_worker - INFO - Quitting browser...
2025-06-16 17:22:46,161 - automation_worker - INFO - Browser quit successfully
2025-06-16 17:23:24,268 - __main__ - INFO - Starting API server...
2025-06-16 17:23:24,288 - werkzeug - INFO -  * Restarting with stat
2025-06-16 17:23:25,126 - __main__ - INFO - Starting API server...
2025-06-16 17:23:25,145 - werkzeug - WARNING -  * Debugger is active!
2025-06-16 17:23:25,147 - werkzeug - INFO -  * Debugger PIN: 716-220-283
2025-06-16 17:23:25,302 - werkzeug - WARNING -  * Running on all addresses.
   WARNING: This is a development server. Do not use it in a production deployment.
2025-06-16 17:23:25,303 - werkzeug - INFO -  * Running on http://192.168.31.45:5000/ (Press CTRL+C to quit)
2025-06-16 17:23:34,028 - __main__ - INFO - Starting automation task 1750074814
2025-06-16 17:23:34,032 - werkzeug - INFO - 127.0.0.1 - - [16/Jun/2025 17:23:34] "POST /api/automate HTTP/1.1" 200 -
2025-06-16 17:23:34,033 - automation_worker - INFO - Using existing profile at: C:\Users\Admin\AppData\Roaming\Mozilla\Firefox\Profiles\coyayv9e.default
2025-06-16 17:23:36,310 - WDM - INFO - 

2025-06-16 17:23:36,310 - WDM - INFO - ====== WebDriver manager ======
2025-06-16 17:23:36,623 - WDM - INFO - Current firefox version is 139.0
2025-06-16 17:23:36,624 - WDM - INFO - Get LATEST geckodriver version for 139.0 firefox
2025-06-16 17:23:37,640 - WDM - INFO - Driver [C:\Users\Admin\.wdm\drivers\geckodriver\win64\v0.36.0\geckodriver.exe] found in cache
2025-06-16 17:24:01,962 - automation_worker - INFO - Browser initialized successfully
2025-06-16 17:24:01,968 - automation_worker - INFO - Configuration loaded successfully
2025-06-16 17:24:02,011 - automation_worker - INFO - Configuration saved to config_data.json
2025-06-16 17:24:02,012 - automation_worker - INFO - Starting main workflow...
2025-06-16 17:26:46,104 - automation_worker - ERROR - Automation failed during form sequence execution
2025-06-16 17:26:46,104 - automation_worker - INFO - Quitting browser...
2025-06-16 17:26:47,749 - automation_worker - INFO - Browser quit successfully
2025-06-16 17:28:14,595 - werkzeug - INFO -  * Detected change in 'C:\\Users\\Admin\\Downloads\\clone\\LLP_incorporation\\automation_worker.py', reloading
2025-06-16 17:28:14,707 - werkzeug - INFO -  * Restarting with stat
2025-06-16 17:28:24,224 - werkzeug - INFO -  * Restarting with stat
