2025-06-12 09:24:52,675 - INFO - TrueCaptcha credentials loaded: User=True, Key=True
2025-06-12 09:24:52,676 - INFO - Starting MCA automation workflow
2025-06-12 09:24:52,677 - INFO - Configuration loaded successfully
2025-06-12 09:24:52,678 - INFO - Step 1: Performing login
2025-06-12 09:24:52,679 - INFO - Configuration loaded successfully
2025-06-12 09:24:52,680 - INFO - Initializing browser with profile: C:\Users\Admin\AppData\Roaming\Mozilla\Firefox\Profiles\coyayv9e.default
2025-06-12 09:24:52,680 - INFO - Using existing Firefox profile: C:\Users\Admin\AppData\Roaming\Mozilla\Firefox\Profiles\coyayv9e.default
2025-06-12 09:24:52,681 - INFO - Setting up geckodriver...
2025-06-12 09:24:52,682 - INFO - 

2025-06-12 09:24:52,682 - INFO - ====== WebDriver manager ======
2025-06-12 09:24:54,611 - INFO - Current firefox version is 139.0
2025-06-12 09:24:54,612 - INFO - Get LATEST geckodriver version for 139.0 firefox
2025-06-12 09:24:55,047 - INFO - Driver [C:\Users\Admin\.wdm\drivers\geckodriver\win64\v0.36.0\geckodriver.exe] found in cache
2025-06-12 09:24:55,049 - INFO - Geckodriver installed at: C:\Users\Admin\.wdm\drivers\geckodriver\win64\v0.36.0\geckodriver.exe
2025-06-12 09:25:00,873 - INFO - Attempting to access Fillip page directly
2025-06-12 09:25:08,857 - ERROR - Error checking login status: Message: 

2025-06-12 09:25:08,858 - INFO - Navigating to login page
2025-06-12 09:25:10,438 - INFO - Page load completed
2025-06-12 09:25:10,439 - INFO - Looking for dialog box
2025-06-12 09:25:12,377 - INFO - Modal dismissed successfully
2025-06-12 09:25:13,391 - INFO - No modals visible
2025-06-12 09:25:13,392 - INFO - Waiting for login form
2025-06-12 09:25:13,403 - INFO - Entering user ID
2025-06-12 09:25:13,641 - INFO - User ID entered successfully
2025-06-12 09:25:13,642 - INFO - Entering password
2025-06-12 09:25:13,767 - INFO - Password entered successfully
2025-06-12 09:25:13,768 - INFO - Captcha attempt 1/10
2025-06-12 09:25:13,770 - INFO - Locating captcha image
2025-06-12 09:25:13,879 - INFO - Found captcha image using selector: img[src*='captcha']
2025-06-12 09:25:13,880 - INFO - Solving captcha
2025-06-12 09:25:15,335 - INFO - Captcha solved: Dq7ccn
2025-06-12 09:25:15,336 - INFO - Entering captcha solution
2025-06-12 09:25:15,421 - INFO - Captcha entered successfully
2025-06-12 09:25:15,422 - INFO - Clicking login button
2025-06-12 09:25:27,984 - INFO - No modals visible
2025-06-12 09:25:28,313 - INFO - Login button clicked
2025-06-12 09:25:28,314 - INFO - Waiting for login response
2025-06-12 09:25:29,868 - INFO - Login successful, redirected to Application History page: https://www.mca.gov.in/content/mca/global/en/application-history.html
2025-06-12 09:25:32,034 - INFO - Redirected to Fillip page after Application History page
2025-06-12 09:25:32,045 - WARNING - Not on Fillip page after redirect: https://www.mca.gov.in/content/mca/global/en/foportal/fologin.html
2025-06-12 09:25:32,208 - INFO - Screenshot saved: screenshots\post_login_redirect_error_20250612_092532.png
2025-06-12 09:25:32,210 - ERROR - Login failed, cannot continue with automation
2025-06-12 09:36:50,617 - INFO - TrueCaptcha credentials loaded: User=True, Key=True
2025-06-12 09:36:50,618 - INFO - Starting MCA automation workflow
2025-06-12 09:36:50,620 - INFO - Configuration loaded successfully
2025-06-12 09:36:50,621 - INFO - Step 1: Performing login
2025-06-12 09:36:50,622 - INFO - Configuration loaded successfully
2025-06-12 09:36:50,622 - INFO - Initializing browser with profile: C:\Users\Admin\AppData\Roaming\Mozilla\Firefox\Profiles\coyayv9e.default
2025-06-12 09:36:50,623 - INFO - Using existing Firefox profile: C:\Users\Admin\AppData\Roaming\Mozilla\Firefox\Profiles\coyayv9e.default
2025-06-12 09:36:50,624 - INFO - Setting up geckodriver...
2025-06-12 09:36:50,624 - INFO - 

2025-06-12 09:36:50,625 - INFO - ====== WebDriver manager ======
2025-06-12 09:36:52,389 - INFO - Current firefox version is 139.0
2025-06-12 09:36:52,390 - INFO - Get LATEST geckodriver version for 139.0 firefox
2025-06-12 09:36:52,805 - INFO - Driver [C:\Users\Admin\.wdm\drivers\geckodriver\win64\v0.36.0\geckodriver.exe] found in cache
2025-06-12 09:36:52,807 - INFO - Geckodriver installed at: C:\Users\Admin\.wdm\drivers\geckodriver\win64\v0.36.0\geckodriver.exe
2025-06-12 09:36:58,323 - INFO - Attempting to access Fillip page directly
2025-06-12 09:37:06,573 - ERROR - Error checking login status: Message: 

2025-06-12 09:37:06,574 - INFO - Navigating to login page
2025-06-12 09:37:08,332 - INFO - Page load completed
2025-06-12 09:37:08,333 - INFO - Looking for dialog box
2025-06-12 09:37:10,423 - INFO - Modal dismissed successfully
2025-06-12 09:37:11,437 - INFO - No modals visible
2025-06-12 09:37:11,438 - INFO - Waiting for login form
2025-06-12 09:37:11,449 - INFO - Entering user ID
2025-06-12 09:37:11,675 - INFO - User ID entered successfully
2025-06-12 09:37:11,676 - INFO - Entering password
2025-06-12 09:37:11,769 - INFO - Password entered successfully
2025-06-12 09:37:11,770 - INFO - Captcha attempt 1/10
2025-06-12 09:37:11,771 - INFO - Locating captcha image
2025-06-12 09:37:11,831 - INFO - Found captcha image using selector: img[src*='captcha']
2025-06-12 09:37:11,831 - INFO - Solving captcha
2025-06-12 09:37:13,154 - INFO - Captcha solved: gROEK
2025-06-12 09:37:13,155 - INFO - Entering captcha solution
2025-06-12 09:37:13,246 - INFO - Captcha entered successfully
2025-06-12 09:37:13,247 - INFO - Clicking login button
2025-06-12 09:37:25,835 - INFO - No modals visible
2025-06-12 09:37:26,027 - INFO - Login button clicked
2025-06-12 09:37:26,028 - INFO - Waiting for login response
2025-06-12 09:37:36,438 - ERROR - Error during login attempt: Message: 

2025-06-12 09:37:36,644 - INFO - Screenshot saved: screenshots\login_attempt_error_20250612_093736.png
2025-06-12 09:37:36,645 - INFO - Captcha attempt 2/10
2025-06-12 09:37:36,645 - INFO - Locating captcha image
2025-06-12 09:37:36,696 - INFO - Found captcha image using selector: img[src*='captcha']
2025-06-12 09:37:36,697 - INFO - Solving captcha
2025-06-12 09:37:37,971 - INFO - Captcha solved: gROEK
2025-06-12 09:37:37,972 - INFO - Entering captcha solution
2025-06-12 09:37:38,044 - INFO - Captcha entered successfully
2025-06-12 09:37:38,045 - INFO - Clicking login button
2025-06-12 09:37:50,594 - INFO - No modals visible
2025-06-12 09:37:50,667 - INFO - Login button clicked
2025-06-12 09:37:50,668 - INFO - Waiting for login response
2025-06-12 09:38:01,013 - ERROR - Error during login attempt: Message: 

2025-06-12 09:38:01,176 - INFO - Screenshot saved: screenshots\login_attempt_error_20250612_093801.png
2025-06-12 09:38:01,176 - INFO - Captcha attempt 3/10
2025-06-12 09:38:01,177 - INFO - Locating captcha image
2025-06-12 09:38:01,219 - INFO - Found captcha image using selector: img[src*='captcha']
2025-06-12 09:38:01,220 - INFO - Solving captcha
2025-06-12 09:38:02,913 - INFO - Captcha solved: gROEK
2025-06-12 09:38:02,914 - INFO - Entering captcha solution
2025-06-12 09:38:03,011 - INFO - Captcha entered successfully
2025-06-12 09:38:03,011 - INFO - Clicking login button
2025-06-12 09:38:15,538 - INFO - No modals visible
2025-06-12 09:38:15,602 - INFO - Login button clicked
2025-06-12 09:38:15,603 - INFO - Waiting for login response
2025-06-12 09:38:25,902 - ERROR - Error during login attempt: Message: 

2025-06-12 09:38:26,130 - INFO - Screenshot saved: screenshots\login_attempt_error_20250612_093825.png
2025-06-12 09:38:26,130 - INFO - Captcha attempt 4/10
2025-06-12 09:38:26,131 - INFO - Locating captcha image
2025-06-12 09:38:26,207 - INFO - Found captcha image using selector: img[src*='captcha']
2025-06-12 09:38:26,208 - INFO - Solving captcha
2025-06-12 09:38:27,761 - INFO - Captcha solved: gROEK
2025-06-12 09:38:27,762 - INFO - Entering captcha solution
2025-06-12 09:38:27,861 - INFO - Captcha entered successfully
2025-06-12 09:38:27,861 - INFO - Clicking login button
2025-06-12 09:38:40,390 - INFO - No modals visible
2025-06-12 09:38:40,471 - INFO - Login button clicked
2025-06-12 09:38:40,472 - INFO - Waiting for login response
2025-06-12 09:47:19,824 - INFO - TrueCaptcha credentials loaded: User=True, Key=True
2025-06-12 09:47:19,825 - INFO - Starting MCA automation workflow
2025-06-12 09:47:19,826 - INFO - Configuration loaded successfully
2025-06-12 09:47:19,827 - INFO - Step 1: Performing login
2025-06-12 09:47:19,828 - INFO - Configuration loaded successfully
2025-06-12 09:47:19,829 - INFO - Initializing browser with profile: C:\Users\Admin\AppData\Roaming\Mozilla\Firefox\Profiles\coyayv9e.default
2025-06-12 09:47:19,829 - INFO - Using existing Firefox profile: C:\Users\Admin\AppData\Roaming\Mozilla\Firefox\Profiles\coyayv9e.default
2025-06-12 09:47:19,830 - INFO - Setting up geckodriver...
2025-06-12 09:47:19,830 - INFO - 

2025-06-12 09:47:19,830 - INFO - ====== WebDriver manager ======
2025-06-12 09:47:21,626 - INFO - Current firefox version is 139.0
2025-06-12 09:47:21,627 - INFO - Get LATEST geckodriver version for 139.0 firefox
2025-06-12 09:47:21,997 - INFO - Driver [C:\Users\Admin\.wdm\drivers\geckodriver\win64\v0.36.0\geckodriver.exe] found in cache
2025-06-12 09:47:21,998 - INFO - Geckodriver installed at: C:\Users\Admin\.wdm\drivers\geckodriver\win64\v0.36.0\geckodriver.exe
2025-06-12 09:47:27,526 - INFO - Attempting to access Fillip page directly
2025-06-12 09:47:30,565 - INFO - Not logged in, proceeding with login process
2025-06-12 09:47:30,566 - INFO - Navigating to login page
2025-06-12 09:47:32,007 - INFO - Page load completed
2025-06-12 09:47:32,008 - INFO - Looking for dialog box
2025-06-12 09:47:33,905 - INFO - Modal dismissed successfully (attempt 1)
2025-06-12 09:47:34,916 - INFO - No modals visible
2025-06-12 09:47:34,917 - INFO - Waiting for login form
2025-06-12 09:47:34,927 - INFO - Entering user ID
2025-06-12 09:47:35,175 - INFO - User ID entered successfully
2025-06-12 09:47:35,175 - INFO - Entering password
2025-06-12 09:47:35,289 - INFO - Password entered successfully
2025-06-12 09:47:35,290 - INFO - Captcha attempt 1/10
2025-06-12 09:47:35,291 - INFO - Locating captcha image
2025-06-12 09:47:35,392 - INFO - Found captcha image using selector: img[src*='captcha']
2025-06-12 09:47:35,393 - INFO - Solving captcha
2025-06-12 09:47:35,424 - INFO - Captcha image saved: screenshots\captcha_20250612_094735.png
2025-06-12 09:47:36,795 - INFO - Captcha solved: qlE8F
2025-06-12 09:47:36,796 - INFO - Entering captcha solution
2025-06-12 09:47:36,865 - INFO - Captcha entered successfully
2025-06-12 09:47:36,866 - INFO - Clicking login button
2025-06-12 09:48:14,463 - INFO - No modal found or could not dismiss modal after all attempts
2025-06-12 09:48:14,471 - INFO - No modals visible
2025-06-12 09:48:14,639 - INFO - Login button clicked
2025-06-12 09:48:14,640 - INFO - Waiting for login response
2025-06-12 09:48:14,735 - ERROR - Login failed. No specific error message found.
2025-06-12 09:48:15,053 - INFO - Screenshot saved: screenshots\login_error_20250612_094814.png
2025-06-12 09:48:15,054 - INFO - Refreshing captcha for next attempt
2025-06-12 09:53:03,196 - INFO - TrueCaptcha credentials loaded: User=True, Key=True
2025-06-12 09:53:03,197 - INFO - Starting MCA automation workflow
2025-06-12 09:53:03,198 - INFO - Configuration loaded successfully
2025-06-12 09:53:03,199 - INFO - Performing login
2025-06-12 09:53:03,200 - INFO - Configuration loaded successfully
2025-06-12 09:53:03,201 - INFO - Initializing browser with profile: C:\Users\Admin\AppData\Roaming\Mozilla\Firefox\Profiles\coyayv9e.default
2025-06-12 09:53:03,202 - INFO - Using existing Firefox profile: C:\Users\Admin\AppData\Roaming\Mozilla\Firefox\Profiles\coyayv9e.default
2025-06-12 09:53:03,202 - INFO - 

2025-06-12 09:53:03,203 - INFO - ====== WebDriver manager ======
2025-06-12 09:53:04,946 - INFO - Current firefox version is 139.0
2025-06-12 09:53:04,947 - INFO - Get LATEST geckodriver version for 139.0 firefox
2025-06-12 09:53:05,374 - INFO - Driver [C:\Users\Admin\.wdm\drivers\geckodriver\win64\v0.36.0\geckodriver.exe] found in cache
2025-06-12 09:53:11,424 - INFO - Checking login status
2025-06-12 09:53:14,202 - INFO - Navigating to login page
2025-06-12 09:53:18,098 - INFO - Login page loaded
2025-06-12 09:53:20,141 - INFO - Modal dismissed (attempt 1)
2025-06-12 09:53:20,146 - INFO - No modals visible
2025-06-12 09:53:20,147 - INFO - Waiting for login form
2025-06-12 09:53:20,153 - INFO - Entering user ID
2025-06-12 09:53:26,533 - INFO - User ID entered successfully
2025-06-12 09:53:26,533 - INFO - Entering password
2025-06-12 09:53:26,604 - INFO - Password entered successfully
2025-06-12 09:53:26,604 - INFO - Captcha attempt 1/10
2025-06-12 09:53:26,605 - INFO - Locating captcha image
2025-06-12 09:53:26,628 - INFO - Captcha image found
2025-06-12 09:53:26,628 - INFO - Solving captcha
2025-06-12 09:53:28,097 - INFO - Captcha solved: uitzsl
2025-06-12 09:53:28,098 - INFO - Entering captcha solution
2025-06-12 09:53:28,171 - INFO - Captcha entered successfully
2025-06-12 09:53:28,172 - INFO - Clicking login button
2025-06-12 09:53:44,845 - INFO - No modal found or could not dismiss modal
2025-06-12 09:53:44,852 - INFO - No modals visible
2025-06-12 09:53:45,175 - INFO - Login button clicked
2025-06-12 09:53:45,175 - INFO - Waiting for login response
2025-06-12 09:53:45,214 - ERROR - Login failed. No error message found.
2025-06-12 09:53:45,215 - INFO - Refreshing captcha
2025-06-12 09:54:01,862 - INFO - No modal found or could not dismiss modal
2025-06-12 09:54:01,869 - INFO - No modals visible
2025-06-12 09:54:01,943 - INFO - Captcha refreshed successfully
2025-06-12 09:54:01,953 - INFO - Retrying with new captcha
2025-06-12 09:54:01,954 - INFO - Captcha attempt 2/10
2025-06-12 09:54:01,955 - INFO - Locating captcha image
2025-06-12 09:54:01,984 - INFO - Captcha image found
2025-06-12 09:54:01,984 - INFO - Solving captcha
2025-06-12 09:54:03,526 - INFO - Captcha solved: uitzsl
2025-06-12 09:54:03,527 - INFO - Entering captcha solution
2025-06-12 09:54:03,618 - INFO - Captcha entered successfully
2025-06-12 09:54:03,620 - INFO - Clicking login button
2025-06-12 09:54:20,479 - INFO - No modal found or could not dismiss modal
2025-06-12 09:54:20,485 - INFO - No modals visible
2025-06-12 09:54:20,816 - INFO - Login button clicked
2025-06-12 09:54:20,816 - INFO - Waiting for login response
2025-06-12 09:54:20,855 - ERROR - Login failed. No error message found.
2025-06-12 09:54:20,856 - INFO - Refreshing captcha
2025-06-12 09:54:37,755 - INFO - No modal found or could not dismiss modal
2025-06-12 09:54:37,759 - INFO - No modals visible
2025-06-12 09:54:37,829 - INFO - Captcha refreshed successfully
2025-06-12 09:54:37,833 - INFO - Retrying with new captcha
2025-06-12 09:54:37,834 - INFO - Captcha attempt 3/10
2025-06-12 09:54:37,834 - INFO - Locating captcha image
2025-06-12 09:54:37,861 - INFO - Captcha image found
2025-06-12 09:54:37,862 - INFO - Solving captcha
2025-06-12 09:54:38,767 - INFO - Captcha solved: BupqWE
2025-06-12 09:54:38,768 - INFO - Entering captcha solution
2025-06-12 09:54:38,850 - INFO - Captcha entered successfully
2025-06-12 09:54:38,851 - INFO - Clicking login button
2025-06-12 09:54:55,663 - INFO - No modal found or could not dismiss modal
2025-06-12 09:54:55,668 - INFO - No modals visible
2025-06-12 09:54:55,941 - INFO - Login button clicked
2025-06-12 09:54:55,941 - INFO - Waiting for login response
2025-06-12 09:54:55,977 - ERROR - Login failed. No error message found.
2025-06-12 09:54:55,977 - INFO - Refreshing captcha
2025-06-12 09:55:12,710 - INFO - No modal found or could not dismiss modal
2025-06-12 09:55:12,715 - INFO - No modals visible
2025-06-12 09:55:12,765 - INFO - Captcha refreshed successfully
2025-06-12 09:55:12,770 - INFO - Retrying with new captcha
2025-06-12 09:55:12,771 - INFO - Captcha attempt 4/10
2025-06-12 09:55:12,771 - INFO - Locating captcha image
2025-06-12 09:55:12,801 - INFO - Captcha image found
2025-06-12 09:55:12,802 - INFO - Solving captcha
2025-06-12 09:55:14,095 - INFO - Captcha solved: x9QVID
2025-06-12 09:55:14,096 - INFO - Entering captcha solution
2025-06-12 09:55:14,172 - INFO - Captcha entered successfully
2025-06-12 09:55:14,173 - INFO - Clicking login button
2025-06-12 09:55:31,416 - INFO - TrueCaptcha credentials loaded: User=True, Key=True
2025-06-12 09:55:31,417 - INFO - Starting MCA automation workflow
2025-06-12 09:55:31,418 - INFO - Configuration loaded successfully
2025-06-12 09:55:31,419 - INFO - Performing login
2025-06-12 09:55:31,420 - INFO - Configuration loaded successfully
2025-06-12 09:55:31,420 - INFO - Initializing browser with profile: C:\Users\Admin\AppData\Roaming\Mozilla\Firefox\Profiles\coyayv9e.default
2025-06-12 09:55:31,421 - INFO - Using existing Firefox profile: C:\Users\Admin\AppData\Roaming\Mozilla\Firefox\Profiles\coyayv9e.default
2025-06-12 09:55:31,421 - INFO - 

2025-06-12 09:55:31,422 - INFO - ====== WebDriver manager ======
2025-06-12 09:55:33,718 - INFO - Current firefox version is 139.0
2025-06-12 09:55:33,720 - INFO - Get LATEST geckodriver version for 139.0 firefox
2025-06-12 09:55:34,169 - INFO - Driver [C:\Users\Admin\.wdm\drivers\geckodriver\win64\v0.36.0\geckodriver.exe] found in cache
2025-06-12 09:55:40,030 - INFO - Checking login status
2025-06-12 09:55:43,891 - INFO - Navigating to login page
2025-06-12 09:55:53,411 - INFO - Login page loaded
2025-06-12 09:55:55,361 - INFO - Modal dismissed (attempt 1)
2025-06-12 09:55:55,377 - INFO - No modals visible
2025-06-12 09:55:55,378 - INFO - Waiting for login form
2025-06-12 09:55:55,390 - INFO - Entering user ID
2025-06-12 09:56:01,827 - INFO - User ID entered successfully
2025-06-12 09:56:01,827 - INFO - Entering password
2025-06-12 09:56:01,936 - INFO - Password entered successfully
2025-06-12 09:56:01,938 - INFO - Captcha attempt 1/10
2025-06-12 09:56:01,940 - INFO - Locating captcha image
2025-06-12 09:56:02,019 - INFO - Captcha image found
2025-06-12 09:56:02,020 - INFO - Solving captcha
2025-06-12 09:56:03,036 - INFO - Captcha solved: geAKGZ
2025-06-12 09:56:03,037 - INFO - Entering captcha solution
2025-06-12 09:56:03,104 - INFO - Captcha entered successfully
2025-06-12 09:56:03,106 - INFO - Clicking login button
2025-06-12 09:56:19,890 - INFO - No modal found or could not dismiss modal
2025-06-12 09:56:19,900 - INFO - No modals visible
2025-06-12 09:56:20,377 - INFO - Login button clicked
2025-06-12 09:56:20,378 - INFO - Waiting for login response
2025-06-12 09:56:20,460 - ERROR - Login failed. No error message found.
2025-06-12 09:56:20,461 - INFO - Refreshing captcha
2025-06-12 09:56:37,188 - INFO - No modal found or could not dismiss modal
2025-06-12 09:56:37,195 - INFO - No modals visible
2025-06-12 09:56:37,261 - INFO - Captcha refreshed successfully
2025-06-12 09:56:37,268 - INFO - Retrying with new captcha
2025-06-12 09:56:37,269 - INFO - Captcha attempt 2/10
2025-06-12 09:56:37,270 - INFO - Locating captcha image
2025-06-12 09:56:37,302 - INFO - Captcha image found
2025-06-12 09:56:37,303 - INFO - Solving captcha
2025-06-12 09:56:38,203 - INFO - Captcha solved: geAKGZ
2025-06-12 09:56:38,204 - INFO - Entering captcha solution
2025-06-12 09:56:38,298 - INFO - Captcha entered successfully
2025-06-12 09:56:38,299 - INFO - Clicking login button
2025-06-12 09:56:55,165 - INFO - No modal found or could not dismiss modal
2025-06-12 09:56:55,175 - INFO - No modals visible
2025-06-12 09:56:55,559 - INFO - Login button clicked
2025-06-12 09:56:55,560 - INFO - Waiting for login response
2025-06-12 09:56:55,601 - ERROR - Login failed. No error message found.
2025-06-12 09:56:55,601 - INFO - Refreshing captcha
2025-06-12 09:57:12,394 - INFO - No modal found or could not dismiss modal
2025-06-12 09:57:12,397 - INFO - No modals visible
2025-06-12 09:57:12,456 - INFO - Captcha refreshed successfully
2025-06-12 09:57:12,462 - INFO - Retrying with new captcha
2025-06-12 09:57:12,463 - INFO - Captcha attempt 3/10
2025-06-12 09:57:12,463 - INFO - Locating captcha image
2025-06-12 09:57:12,485 - INFO - Captcha image found
2025-06-12 09:57:12,486 - INFO - Solving captcha
2025-06-12 09:57:13,842 - INFO - Captcha solved: Cakc2
2025-06-12 09:57:13,842 - INFO - Entering captcha solution
2025-06-12 09:57:13,889 - INFO - Captcha entered successfully
2025-06-12 09:57:13,890 - INFO - Clicking login button
2025-06-12 09:57:30,637 - INFO - No modal found or could not dismiss modal
2025-06-12 09:57:30,646 - INFO - No modals visible
2025-06-12 09:57:30,749 - INFO - Login button clicked
2025-06-12 09:57:30,750 - INFO - Waiting for login response
2025-06-12 09:57:30,780 - ERROR - Login failed. No error message found.
2025-06-12 09:57:30,781 - INFO - Refreshing captcha
2025-06-12 09:57:47,517 - INFO - No modal found or could not dismiss modal
2025-06-12 09:57:47,522 - INFO - No modals visible
2025-06-12 09:57:47,600 - INFO - Captcha refreshed successfully
2025-06-12 09:57:47,607 - INFO - Retrying with new captcha
2025-06-12 09:57:47,608 - INFO - Captcha attempt 4/10
2025-06-12 09:57:47,609 - INFO - Locating captcha image
2025-06-12 09:57:47,640 - INFO - Captcha image found
2025-06-12 09:57:47,640 - INFO - Solving captcha
2025-06-12 09:57:49,012 - INFO - Captcha solved: HO10AE
2025-06-12 09:57:49,013 - INFO - Entering captcha solution
2025-06-12 09:57:49,094 - INFO - Captcha entered successfully
2025-06-12 09:57:49,094 - INFO - Clicking login button
2025-06-12 09:58:05,931 - INFO - No modal found or could not dismiss modal
2025-06-12 09:58:05,937 - INFO - No modals visible
2025-06-12 09:58:06,252 - INFO - Login button clicked
2025-06-12 09:58:06,253 - INFO - Waiting for login response
2025-06-12 09:58:06,338 - ERROR - Login failed. No error message found.
2025-06-12 09:58:06,339 - INFO - Refreshing captcha
2025-06-12 09:58:23,074 - INFO - No modal found or could not dismiss modal
2025-06-12 09:58:23,077 - INFO - No modals visible
2025-06-12 09:58:23,110 - INFO - Captcha refreshed successfully
2025-06-12 09:58:23,113 - INFO - Retrying with new captcha
2025-06-12 09:58:23,114 - INFO - Captcha attempt 5/10
2025-06-12 09:58:23,115 - INFO - Locating captcha image
2025-06-12 09:58:23,137 - INFO - Captcha image found
2025-06-12 09:58:23,137 - INFO - Solving captcha
2025-06-12 09:58:24,060 - INFO - Captcha solved: ByFLD
2025-06-12 09:58:24,061 - INFO - Entering captcha solution
2025-06-12 09:58:24,149 - INFO - Captcha entered successfully
2025-06-12 09:58:24,149 - INFO - Clicking login button
2025-06-12 09:58:40,608 - INFO - No modal found or could not dismiss modal
2025-06-12 09:58:40,611 - INFO - No modals visible
2025-06-12 09:58:40,646 - INFO - Login button clicked
2025-06-12 09:58:40,646 - INFO - Waiting for login response
2025-06-12 09:58:40,661 - ERROR - Login failed. No error message found.
2025-06-12 09:58:40,661 - INFO - Refreshing captcha
2025-06-12 09:59:03,774 - INFO - TrueCaptcha credentials loaded: User=True, Key=True
2025-06-12 09:59:03,775 - INFO - Starting MCA automation workflow
2025-06-12 09:59:03,775 - INFO - Configuration loaded successfully
2025-06-12 09:59:03,776 - INFO - Performing login
2025-06-12 09:59:03,776 - INFO - Configuration loaded successfully
2025-06-12 09:59:03,776 - INFO - Initializing browser with profile: C:\Users\Admin\AppData\Roaming\Mozilla\Firefox\Profiles\coyayv9e.default
2025-06-12 09:59:03,777 - INFO - Using existing Firefox profile: C:\Users\Admin\AppData\Roaming\Mozilla\Firefox\Profiles\coyayv9e.default
2025-06-12 09:59:03,777 - INFO - 

2025-06-12 09:59:03,777 - INFO - ====== WebDriver manager ======
2025-06-12 09:59:04,829 - INFO - Current firefox version is 139.0
2025-06-12 09:59:04,829 - INFO - Get LATEST geckodriver version for 139.0 firefox
2025-06-12 09:59:05,227 - INFO - Driver [C:\Users\Admin\.wdm\drivers\geckodriver\win64\v0.36.0\geckodriver.exe] found in cache
2025-06-12 09:59:10,527 - INFO - Checking login status
2025-06-12 09:59:12,556 - INFO - Navigating to login page
2025-06-12 09:59:13,538 - INFO - Login page loaded
2025-06-12 09:59:15,168 - INFO - Modal dismissed (attempt 1)
2025-06-12 09:59:15,171 - INFO - No modals visible
2025-06-12 09:59:15,171 - INFO - Waiting for login form
2025-06-12 09:59:15,174 - INFO - Entering user ID
2025-06-12 09:59:21,400 - INFO - User ID entered successfully
2025-06-12 09:59:21,401 - INFO - Entering password
2025-06-12 09:59:21,429 - INFO - Password entered successfully
2025-06-12 09:59:21,429 - INFO - Captcha attempt 1/10
2025-06-12 09:59:21,429 - INFO - Locating captcha image
2025-06-12 09:59:21,450 - INFO - Captcha image found
2025-06-12 09:59:21,451 - INFO - Solving captcha
2025-06-12 09:59:22,485 - INFO - Captcha solved: Pox12K
2025-06-12 09:59:22,485 - INFO - Entering captcha solution
2025-06-12 09:59:22,522 - INFO - Captcha entered successfully
2025-06-12 09:59:22,522 - INFO - Clicking login button
2025-06-12 09:59:38,943 - INFO - No modal found or could not dismiss modal
2025-06-12 09:59:38,945 - INFO - No modals visible
2025-06-12 09:59:39,259 - INFO - Login button clicked
2025-06-12 09:59:39,260 - INFO - Waiting for login response
2025-06-12 09:59:39,292 - ERROR - Login failed. No error message found.
2025-06-12 09:59:39,293 - INFO - Refreshing captcha
2025-06-12 09:59:55,650 - INFO - No modal found or could not dismiss modal
2025-06-12 09:59:55,653 - INFO - No modals visible
2025-06-12 09:59:55,682 - INFO - Captcha refreshed successfully
2025-06-12 09:59:55,687 - INFO - Retrying with new captcha
2025-06-12 09:59:55,687 - INFO - Captcha attempt 2/10
2025-06-12 09:59:55,687 - INFO - Locating captcha image
2025-06-12 09:59:55,706 - INFO - Captcha image found
2025-06-12 09:59:55,706 - INFO - Solving captcha
2025-06-12 09:59:57,163 - INFO - Captcha solved: Pox12K
2025-06-12 09:59:57,164 - INFO - Entering captcha solution
2025-06-12 09:59:57,200 - INFO - Captcha entered successfully
2025-06-12 09:59:57,200 - INFO - Clicking login button
2025-06-12 10:00:13,527 - INFO - No modal found or could not dismiss modal
2025-06-12 10:00:13,529 - INFO - No modals visible
2025-06-12 10:00:13,972 - INFO - Login button clicked
2025-06-12 10:00:13,972 - INFO - Waiting for login response
2025-06-12 10:00:13,991 - ERROR - Login failed. No error message found.
2025-06-12 10:00:13,991 - INFO - Refreshing captcha
2025-06-12 10:00:30,246 - INFO - No modal found or could not dismiss modal
2025-06-12 10:00:30,248 - INFO - No modals visible
2025-06-12 10:00:30,275 - INFO - Captcha refreshed successfully
2025-06-12 10:00:30,277 - INFO - Retrying with new captcha
2025-06-12 10:00:30,277 - INFO - Captcha attempt 3/10
2025-06-12 10:00:30,278 - INFO - Locating captcha image
2025-06-12 10:00:30,293 - INFO - Captcha image found
2025-06-12 10:00:30,294 - INFO - Solving captcha
2025-06-12 10:00:31,947 - INFO - Captcha solved: SCUn4D
2025-06-12 10:00:31,948 - INFO - Entering captcha solution
2025-06-12 10:00:31,979 - INFO - Captcha entered successfully
2025-06-12 10:00:31,979 - INFO - Clicking login button
2025-06-12 10:00:48,283 - INFO - No modal found or could not dismiss modal
2025-06-12 10:00:48,285 - INFO - No modals visible
2025-06-12 10:00:48,637 - INFO - Login button clicked
2025-06-12 10:00:48,637 - INFO - Waiting for login response
2025-06-12 10:00:48,659 - ERROR - Login failed. No error message found.
2025-06-12 10:00:48,659 - INFO - Refreshing captcha
2025-06-12 10:01:04,929 - INFO - No modal found or could not dismiss modal
2025-06-12 10:01:04,931 - INFO - No modals visible
2025-06-12 10:01:04,958 - INFO - Captcha refreshed successfully
2025-06-12 10:01:04,963 - INFO - Retrying with new captcha
2025-06-12 10:01:04,963 - INFO - Captcha attempt 4/10
2025-06-12 10:01:04,964 - INFO - Locating captcha image
2025-06-12 10:01:04,982 - INFO - Captcha image found
2025-06-12 10:01:04,984 - INFO - Solving captcha
2025-06-12 10:01:05,856 - INFO - Captcha solved: wxfeLf
2025-06-12 10:01:05,856 - INFO - Entering captcha solution
2025-06-12 10:01:05,890 - INFO - Captcha entered successfully
2025-06-12 10:01:05,890 - INFO - Clicking login button
2025-06-12 10:01:22,164 - INFO - No modal found or could not dismiss modal
2025-06-12 10:01:22,167 - INFO - No modals visible
2025-06-12 10:01:22,487 - INFO - Login button clicked
2025-06-12 10:01:22,488 - INFO - Waiting for login response
2025-06-12 10:01:22,510 - ERROR - Login failed. No error message found.
2025-06-12 10:01:22,510 - INFO - Refreshing captcha
2025-06-12 10:01:38,812 - INFO - No modal found or could not dismiss modal
2025-06-12 10:01:38,815 - INFO - No modals visible
2025-06-12 10:01:38,847 - INFO - Captcha refreshed successfully
2025-06-12 10:01:38,850 - INFO - Retrying with new captcha
2025-06-12 10:01:38,850 - INFO - Captcha attempt 5/10
2025-06-12 10:01:38,850 - INFO - Locating captcha image
2025-06-12 10:01:38,869 - INFO - Captcha image found
2025-06-12 10:01:38,869 - INFO - Solving captcha
2025-06-12 10:01:40,428 - INFO - Captcha solved: bNABuw
2025-06-12 10:01:40,428 - INFO - Entering captcha solution
2025-06-12 10:01:40,462 - INFO - Captcha entered successfully
2025-06-12 10:01:40,462 - INFO - Clicking login button
2025-06-12 10:01:56,746 - INFO - No modal found or could not dismiss modal
2025-06-12 10:01:56,750 - INFO - No modals visible
2025-06-12 10:01:57,007 - INFO - Login button clicked
2025-06-12 10:01:57,007 - INFO - Waiting for login response
2025-06-12 10:01:57,030 - ERROR - Login failed. No error message found.
2025-06-12 10:01:57,030 - INFO - Refreshing captcha
2025-06-12 10:02:13,366 - INFO - No modal found or could not dismiss modal
2025-06-12 10:02:13,370 - INFO - No modals visible
2025-06-12 10:02:13,406 - INFO - Captcha refreshed successfully
2025-06-12 10:02:13,409 - INFO - Retrying with new captcha
2025-06-12 10:02:13,410 - INFO - Captcha attempt 6/10
2025-06-12 10:02:13,410 - INFO - Locating captcha image
2025-06-12 10:02:13,426 - INFO - Captcha image found
2025-06-12 10:02:13,427 - INFO - Solving captcha
2025-06-12 10:02:14,367 - INFO - Captcha solved: 9rw9bX
2025-06-12 10:02:14,368 - INFO - Entering captcha solution
2025-06-12 10:02:14,401 - INFO - Captcha entered successfully
2025-06-12 10:02:14,402 - INFO - Clicking login button
2025-06-12 10:02:30,789 - INFO - No modal found or could not dismiss modal
2025-06-12 10:02:30,791 - INFO - No modals visible
2025-06-12 10:02:31,203 - INFO - Login button clicked
2025-06-12 10:02:31,203 - INFO - Waiting for login response
2025-06-12 10:02:31,223 - ERROR - Login failed. No error message found.
2025-06-12 10:02:31,224 - INFO - Refreshing captcha
2025-06-12 10:02:47,594 - INFO - No modal found or could not dismiss modal
2025-06-12 10:02:47,597 - INFO - No modals visible
2025-06-12 10:02:47,623 - INFO - Captcha refreshed successfully
2025-06-12 10:02:47,626 - INFO - Retrying with new captcha
2025-06-12 10:02:47,627 - INFO - Captcha attempt 7/10
2025-06-12 10:02:47,627 - INFO - Locating captcha image
2025-06-12 10:02:47,644 - INFO - Captcha image found
2025-06-12 10:02:47,645 - INFO - Solving captcha
2025-06-12 10:02:48,451 - INFO - Captcha solved: kGGBJB
2025-06-12 10:02:48,451 - INFO - Entering captcha solution
2025-06-12 10:02:48,482 - INFO - Captcha entered successfully
2025-06-12 10:02:48,482 - INFO - Clicking login button
2025-06-12 10:03:04,855 - INFO - No modal found or could not dismiss modal
2025-06-12 10:03:04,857 - INFO - No modals visible
2025-06-12 10:03:05,087 - INFO - Login button clicked
2025-06-12 10:03:05,088 - INFO - Waiting for login response
2025-06-12 10:03:05,109 - ERROR - Login failed. No error message found.
2025-06-12 10:03:05,110 - INFO - Refreshing captcha
2025-06-12 10:03:21,406 - INFO - No modal found or could not dismiss modal
2025-06-12 10:03:21,409 - INFO - No modals visible
2025-06-12 10:03:21,442 - INFO - Captcha refreshed successfully
2025-06-12 10:03:21,447 - INFO - Retrying with new captcha
2025-06-12 10:03:21,448 - INFO - Captcha attempt 8/10
2025-06-12 10:03:21,448 - INFO - Locating captcha image
2025-06-12 10:03:21,468 - INFO - Captcha image found
2025-06-12 10:03:21,469 - INFO - Solving captcha
2025-06-12 10:03:24,001 - INFO - Captcha solved: XK45qP
2025-06-12 10:03:24,001 - INFO - Entering captcha solution
2025-06-12 10:03:24,056 - INFO - Captcha entered successfully
2025-06-12 10:03:24,056 - INFO - Clicking login button
2025-06-12 10:03:40,369 - INFO - No modal found or could not dismiss modal
2025-06-12 10:03:40,372 - INFO - No modals visible
2025-06-12 10:03:40,418 - INFO - Login button clicked
2025-06-12 10:03:40,418 - INFO - Waiting for login response
2025-06-12 10:03:40,457 - ERROR - Login failed. No error message found.
2025-06-12 10:03:40,458 - INFO - Refreshing captcha
2025-06-12 10:03:56,815 - INFO - No modal found or could not dismiss modal
2025-06-12 10:03:56,818 - INFO - No modals visible
2025-06-12 10:03:56,856 - INFO - Captcha refreshed successfully
2025-06-12 10:03:56,858 - INFO - Retrying with new captcha
2025-06-12 10:03:56,859 - INFO - Captcha attempt 9/10
2025-06-12 10:03:56,859 - INFO - Locating captcha image
2025-06-12 10:03:56,876 - INFO - Captcha image found
2025-06-12 10:03:56,877 - INFO - Solving captcha
2025-06-12 10:03:58,177 - INFO - Captcha solved: nD9B1
2025-06-12 10:03:58,178 - INFO - Entering captcha solution
2025-06-12 10:03:58,199 - INFO - Captcha entered successfully
2025-06-12 10:03:58,199 - INFO - Clicking login button
2025-06-12 10:04:17,827 - INFO - TrueCaptcha credentials loaded: User=True, Key=True
2025-06-12 10:04:17,828 - INFO - Starting MCA automation workflow
2025-06-12 10:04:17,829 - INFO - Configuration loaded successfully
2025-06-12 10:04:17,829 - INFO - Performing login
2025-06-12 10:04:17,830 - INFO - Configuration loaded successfully
2025-06-12 10:04:17,830 - INFO - Initializing browser with profile: C:\Users\Admin\AppData\Roaming\Mozilla\Firefox\Profiles\coyayv9e.default
2025-06-12 10:04:17,831 - INFO - Using existing Firefox profile: C:\Users\Admin\AppData\Roaming\Mozilla\Firefox\Profiles\coyayv9e.default
2025-06-12 10:04:17,831 - INFO - 

2025-06-12 10:04:17,831 - INFO - ====== WebDriver manager ======
2025-06-12 10:04:18,921 - INFO - Current firefox version is 139.0
2025-06-12 10:04:18,921 - INFO - Get LATEST geckodriver version for 139.0 firefox
2025-06-12 10:04:19,286 - INFO - Driver [C:\Users\Admin\.wdm\drivers\geckodriver\win64\v0.36.0\geckodriver.exe] found in cache
2025-06-12 10:04:24,526 - INFO - Checking login status
2025-06-12 10:04:26,930 - INFO - Navigating to login page
2025-06-12 10:04:28,036 - INFO - Login page loaded
2025-06-12 10:04:29,618 - INFO - Modal dismissed (attempt 1)
2025-06-12 10:04:29,624 - INFO - No modals visible
2025-06-12 10:04:29,624 - INFO - Waiting for login form
2025-06-12 10:04:29,627 - INFO - Entering user ID
2025-06-12 10:04:35,837 - INFO - User ID entered successfully
2025-06-12 10:04:35,837 - INFO - Entering password
2025-06-12 10:04:35,908 - INFO - Password entered successfully
2025-06-12 10:04:35,908 - INFO - Captcha attempt 1/10
2025-06-12 10:04:35,909 - INFO - Locating captcha image
2025-06-12 10:04:35,930 - INFO - Captcha image found
2025-06-12 10:04:35,931 - INFO - Solving captcha
2025-06-12 10:04:36,838 - INFO - Captcha solved: Uoolp8
2025-06-12 10:04:36,838 - INFO - Entering captcha solution
2025-06-12 10:04:36,864 - INFO - Captcha entered successfully
2025-06-12 10:04:36,864 - INFO - Clicking login button
2025-06-12 10:04:53,234 - INFO - No modal found or could not dismiss modal
2025-06-12 10:04:53,236 - INFO - No modals visible
2025-06-12 10:04:53,544 - INFO - Login button clicked
2025-06-12 10:04:53,544 - INFO - Waiting for login response
2025-06-12 10:04:53,574 - ERROR - Login failed. No error message found.
2025-06-12 10:04:53,574 - INFO - Refreshing captcha
2025-06-12 10:05:09,976 - INFO - No modal found or could not dismiss modal
2025-06-12 10:05:09,979 - INFO - No modals visible
2025-06-12 10:05:10,009 - INFO - Captcha refreshed successfully
2025-06-12 10:05:10,013 - INFO - Retrying with new captcha
2025-06-12 10:05:10,013 - INFO - Captcha attempt 2/10
2025-06-12 10:05:10,014 - INFO - Locating captcha image
2025-06-12 10:05:10,028 - INFO - Captcha image found
2025-06-12 10:05:10,028 - INFO - Solving captcha
2025-06-12 10:05:11,303 - INFO - Captcha solved: Uoolp8
2025-06-12 10:05:11,304 - INFO - Entering captcha solution
2025-06-12 10:05:11,363 - INFO - Captcha entered successfully
2025-06-12 10:05:11,364 - INFO - Clicking login button
2025-06-12 10:05:27,878 - INFO - No modal found or could not dismiss modal
2025-06-12 10:05:27,884 - INFO - No modals visible
2025-06-12 10:05:28,244 - INFO - Login button clicked
2025-06-12 10:05:28,245 - INFO - Waiting for login response
2025-06-12 10:05:28,269 - ERROR - Login failed. No error message found.
2025-06-12 10:05:28,270 - INFO - Refreshing captcha
2025-06-12 10:05:44,753 - INFO - No modal found or could not dismiss modal
2025-06-12 10:05:44,757 - INFO - No modals visible
2025-06-12 10:05:44,783 - INFO - Captcha refreshed successfully
2025-06-12 10:05:44,785 - INFO - Retrying with new captcha
2025-06-12 10:05:44,786 - INFO - Captcha attempt 3/10
2025-06-12 10:05:44,786 - INFO - Locating captcha image
2025-06-12 10:05:44,799 - INFO - Captcha image found
2025-06-12 10:05:44,799 - INFO - Solving captcha
2025-06-12 10:05:46,089 - INFO - Captcha solved: anKPZk
2025-06-12 10:05:46,089 - INFO - Entering captcha solution
2025-06-12 10:05:46,142 - INFO - Captcha entered successfully
2025-06-12 10:05:46,142 - INFO - Clicking login button
